<?xml version="1.0" encoding="UTF-8"?>
<!-- Generated by org.testng.reporters.JUnitReportReporter -->
<testsuite hostname="LAPTOP-3I5RTLPO" failures="0" tests="2" name="testScript.HomeTest" time="6.103" errors="0" timestamp="2025-03-20T13:24:12 IST" skipped="1">
  <testcase classname="testScript.HomeTest" name="verifySuccessfullUserLogoutFromHomePageAfterLogin" time="4.154"/>
  <testcase classname="testScript.HomeTest" name="verifySuccessfullUserLogoutFromHomePageAfterLogin" time="1.949">
    <skipped/>
  </testcase> <!-- verifySuccessfullUserLogoutFromHomePageAfterLogin -->
</testsuite> <!-- testScript.HomeTest -->
