<?xml version="1.0" encoding="UTF-8"?>
<!-- Generated by org.testng.reporters.JUnitReportReporter -->
<testsuite hostname="LAPTOP-3I5RTLPO" failures="0" tests="1" name="testScript.ManageNewsTest" time="4.753" errors="0" timestamp="2025-03-03T11:55:26 IST" skipped="0">
  <testcase classname="testScript.ManageNewsTest" name="searchNewsInManageNews" time="4.753"/>
</testsuite> <!-- testScript.ManageNewsTest -->
