<?xml version="1.0" encoding="UTF-8"?>
<!-- Generated by org.testng.reporters.JUnitReportReporter -->
<testsuite hostname="LAPTOP-3I5RTLPO" failures="0" tests="3" name="testScript.SubCategoryTest" time="13.958" errors="0" timestamp="2025-03-11T14:35:33 IST" skipped="0">
  <testcase classname="testScript.SubCategoryTest" name="verifyWhetherUserIsAbleTosearchItemsInTheSubCategoryList" time="4.598"/>
  <testcase classname="testScript.SubCategoryTest" name="verifyWhetherUserIsAbleToaddNewItemToSubCategoryList" time="5.287"/>
  <testcase classname="testScript.SubCategoryTest" name="verifyWhetherUserIsAbleTorefreshPageUsingResetButton" time="4.073"/>
</testsuite> <!-- testScript.SubCategoryTest -->
