<?xml version="1.0" encoding="UTF-8"?>
<!-- Generated by org.testng.reporters.JUnitReportReporter -->
<testsuite hostname="LAPTOP-3I5RTLPO" failures="0" tests="1" name="testScript.AdminUserTest" time="5.180" errors="0" timestamp="2025-02-28T13:48:41 IST" skipped="0">
  <testcase classname="testScript.AdminUserTest" name="searchUsersInTheUsersList" time="5.180"/>
</testsuite> <!-- testScript.AdminUserTest -->
