<?xml version="1.0" encoding="UTF-8"?>
<!-- Generated by org.testng.reporters.JUnitReportReporter -->
<testsuite hostname="LAPTOP-3I5RTLPO" failures="0" tests="3" name="testScript.SubCategoryTest" time="11.204" errors="0" timestamp="2025-03-20T13:24:12 IST" skipped="0">
  <testcase classname="testScript.SubCategoryTest" name="verifyWhetherUserIsAbleTorefreshPageUsingResetButton" time="3.239"/>
  <testcase classname="testScript.SubCategoryTest" name="verifyWhetherUserIsAbleTosearchItemsInTheSubCategoryList" time="3.500"/>
  <testcase classname="testScript.SubCategoryTest" name="verifyWhetherUserIsAbleToaddNewItemToSubCategoryList" time="4.465"/>
</testsuite> <!-- testScript.SubCategoryTest -->
