<?xml version="1.0" encoding="UTF-8"?>
<!-- Generated by org.testng.reporters.JUnitReportReporter -->
<testsuite hostname="LAPTOP-3I5RTLPO" failures="0" tests="1" name="testScript.SubCategoryTest" time="3.857" errors="0" timestamp="2025-02-27T12:05:52 IST" skipped="0">
  <testcase classname="testScript.SubCategoryTest" name="addNewItemToSubCategoryList" time="3.857"/>
</testsuite> <!-- testScript.SubCategoryTest -->
