<?xml version="1.0" encoding="UTF-8"?>
<!-- Generated by org.testng.reporters.JUnitReportReporter -->
<testsuite hostname="LAPTOP-3I5RTLPO" failures="0" tests="1" name="testScript.SubCategoryTest" time="4.694" errors="0" timestamp="2025-03-03T13:21:19 IST" skipped="0">
  <testcase classname="testScript.SubCategoryTest" name="addNewItemToSubCategoryList" time="4.694"/>
</testsuite> <!-- testScript.SubCategoryTest -->
