<?xml version="1.0" encoding="UTF-8"?>
<!-- Generated by org.testng.reporters.JUnitReportReporter -->
<testsuite hostname="LAPTOP-3I5RTLPO" failures="0" tests="1" name="testScript.AdminUserTest" time="4.864" errors="0" timestamp="2025-03-19T13:15:41 IST" skipped="0">
  <testcase classname="testScript.AdminUserTest" name="verifyUserIsAbleToRefreshNewlyAddedUserPageUsingTheResetButton" time="4.864"/>
</testsuite> <!-- testScript.AdminUserTest -->
