<?xml version="1.0" encoding="UTF-8"?>
<!-- Generated by org.testng.reporters.JUnitReportReporter -->
<testsuite hostname="LAPTOP-3I5RTLPO" failures="0" tests="3" name="testScript.ManageNewsTest" time="12.071" errors="0" timestamp="2025-03-20T13:18:04 IST" skipped="0">
  <testcase classname="testScript.ManageNewsTest" name="verifyWhetherUserIsAbleToAddNewNewsInManageNews" time="4.115"/>
  <testcase classname="testScript.ManageNewsTest" name="verifyWhetherUserIsAbleToRefreshNewsPageUsingTheResetButton" time="4.263"/>
  <testcase classname="testScript.ManageNewsTest" name="verifyWhetherUserIsAbleTosearchNewsInManageNews" time="3.693"/>
</testsuite> <!-- testScript.ManageNewsTest -->
