<?xml version="1.0" encoding="UTF-8"?>
<!-- Generated by org.testng.reporters.JUnitReportReporter -->
<testsuite hostname="LAPTOP-3I5RTLPO" failures="0" tests="3" name="testScript.SubCategoryTest" time="13.347" errors="0" timestamp="2025-03-19T13:09:02 IST" skipped="0">
  <testcase classname="testScript.SubCategoryTest" name="verifyWhetherUserIsAbleToaddNewItemToSubCategoryList" time="5.331"/>
  <testcase classname="testScript.SubCategoryTest" name="verifyWhetherUserIsAbleTorefreshPageUsingResetButton" time="3.519"/>
  <testcase classname="testScript.SubCategoryTest" name="verifyWhetherUserIsAbleTosearchItemsInTheSubCategoryList" time="4.497"/>
</testsuite> <!-- testScript.SubCategoryTest -->
