<?xml version="1.0" encoding="UTF-8"?>
<!-- Generated by org.testng.reporters.JUnitReportReporter -->
<testsuite hostname="LAPTOP-3I5RTLPO" failures="0" tests="1" name="testScript.ManageNewsTest" time="4.621" errors="0" timestamp="2025-03-04T16:01:33 IST" skipped="0">
  <testcase classname="testScript.ManageNewsTest" name="verifyWhetherUserIsAbleToRefreshNewsPageUsingTheResetButton" time="4.621"/>
</testsuite> <!-- testScript.ManageNewsTest -->
