<?xml version="1.0" encoding="UTF-8"?>
<!-- Generated by org.testng.reporters.JUnitReportReporter -->
<testsuite hostname="LAPTOP-3I5RTLPO" failures="0" tests="3" name="testScript.AdminUserTest" time="12.197" errors="0" timestamp="2025-03-05T14:50:30 IST" skipped="0">
  <testcase classname="testScript.AdminUserTest" name="verifyUserIsAbleToRefreshNewlyAddedUserPageUsingTheResetButton" time="3.783"/>
  <testcase classname="testScript.AdminUserTest" name="verifyUserIsAbleToSearchNewlyAddedUsersInTheNewlyAddedUsersList" time="4.146"/>
  <testcase classname="testScript.AdminUserTest" name="verifyWhetherUserIsAbleToAddNewUserToTheUsersList" time="4.268"/>
</testsuite> <!-- testScript.AdminUserTest -->
