<?xml version="1.0" encoding="UTF-8"?>
<!-- Generated by org.testng.reporters.JUnitReportReporter -->
<testsuite hostname="LAPTOP-3I5RTLPO" failures="0" tests="2" name="testScript.HomeTest" time="7.222" errors="0" timestamp="2025-03-19T13:09:02 IST" skipped="1">
  <testcase classname="testScript.HomeTest" name="verifySuccessfullUserLogoutFromHomePageAfterLogin" time="4.969"/>
  <testcase classname="testScript.HomeTest" name="verifySuccessfullUserLogoutFromHomePageAfterLogin" time="2.253">
    <skipped/>
  </testcase> <!-- verifySuccessfullUserLogoutFromHomePageAfterLogin -->
</testsuite> <!-- testScript.HomeTest -->
