<?xml version="1.0" encoding="UTF-8"?>
<!-- Generated by org.testng.reporters.JUnitReportReporter -->
<testsuite hostname="LAPTOP-3I5RTLPO" failures="0" tests="3" name="testScript.AdminUserTest" time="10.098" errors="0" timestamp="2025-02-27T12:00:31 IST" skipped="0">
  <testcase classname="testScript.AdminUserTest" name="addNewUserToUsersList" time="3.544"/>
  <testcase classname="testScript.AdminUserTest" name="refreshPageUsingResetButton" time="3.232"/>
  <testcase classname="testScript.AdminUserTest" name="searchUsersInTheUsersList" time="3.322"/>
</testsuite> <!-- testScript.AdminUserTest -->
