<?xml version="1.0" encoding="UTF-8"?>
<!-- Generated by org.testng.reporters.JUnitReportReporter -->
<testsuite hostname="LAPTOP-3I5RTLPO" failures="0" tests="1" name="testScript.HomeTest" time="3.642" errors="0" timestamp="2025-02-27T12:00:31 IST" skipped="0">
  <testcase classname="testScript.HomeTest" name="verifyUserLogoutFromPage" time="3.642"/>
</testsuite> <!-- testScript.HomeTest -->
