<?xml version="1.0" encoding="UTF-8"?>
<!-- Generated by org.testng.reporters.JUnitReportReporter -->
<testsuite hostname="LAPTOP-3I5RTLPO" failures="0" tests="3" name="testScript.ManageNewsTest" time="11.871" errors="0" timestamp="2025-02-27T12:00:31 IST" skipped="0">
  <testcase classname="testScript.ManageNewsTest" name="refreshPageUsingTheResetButton" time="5.545"/>
  <testcase classname="testScript.ManageNewsTest" name="searchNewsInManageNews" time="3.100"/>
  <testcase classname="testScript.ManageNewsTest" name="createNewNewsInManageNews" time="3.226"/>
</testsuite> <!-- testScript.ManageNewsTest -->
