<?xml version="1.0" encoding="UTF-8"?>
<!-- Generated by org.testng.reporters.JUnitReportReporter -->
<testsuite hostname="LAPTOP-3I5RTLPO" failures="0" tests="1" name="testScript.ManageNewsTest" time="6.287" errors="0" timestamp="2025-02-28T14:18:12 IST" skipped="0">
  <testcase classname="testScript.ManageNewsTest" name="createNewNewsInManageNews" time="6.287"/>
</testsuite> <!-- testScript.ManageNewsTest -->
