<?xml version="1.0" encoding="UTF-8"?>
<!-- Generated by org.testng.reporters.JUnitReportReporter -->
<testsuite hostname="LAPTOP-3I5RTLPO" failures="0" tests="3" name="testScript.AdminUserTest" time="121.944" errors="0" timestamp="2025-03-14T14:22:06 IST" skipped="0">
  <testcase classname="testScript.AdminUserTest" name="verifyWhetherUserIsAbleToAddNewUserToTheUsersList" time="68.197"/>
  <testcase classname="testScript.AdminUserTest" name="verifyWhetherUserIsAbleToAddNewUserToTheUsersList" time="26.242"/>
  <testcase classname="testScript.AdminUserTest" name="verifyWhetherUserIsAbleToAddNewUserToTheUsersList" time="27.505"/>
</testsuite> <!-- testScript.AdminUserTest -->
