<?xml version="1.0" encoding="UTF-8"?>
<!-- Generated by org.testng.reporters.JUnitReportReporter -->
<testsuite hostname="LAPTOP-3I5RTLPO" failures="0" tests="3" name="testScript.AdminUserTest" time="11.871" errors="0" timestamp="2025-03-06T15:12:11 IST" skipped="0">
  <testcase classname="testScript.AdminUserTest" name="verifyWhetherUserIsAbleToAddNewUserToTheUsersList" time="4.194"/>
  <testcase classname="testScript.AdminUserTest" name="verifyUserIsAbleToSearchNewlyAddedUsersInTheNewlyAddedUsersList" time="4.092"/>
  <testcase classname="testScript.AdminUserTest" name="verifyUserIsAbleToRefreshNewlyAddedUserPageUsingTheResetButton" time="3.585"/>
</testsuite> <!-- testScript.AdminUserTest -->
