<?xml version="1.0" encoding="UTF-8"?>
<!-- Generated by org.testng.reporters.JUnitReportReporter -->
<testsuite hostname="LAPTOP-3I5RTLPO" failures="0" tests="1" name="testScript.AdminUserTest" time="12.946" errors="0" timestamp="2025-03-04T16:00:20 IST" skipped="0">
  <testcase classname="testScript.AdminUserTest" name="verifyUserIsAbleToSearchNewlyAddedUsersInTheNewlyAddedUsersList" time="12.946"/>
</testsuite> <!-- testScript.AdminUserTest -->
