<?xml version="1.0" encoding="UTF-8"?>
<!-- Generated by org.testng.reporters.JUnitReportReporter -->
<testsuite hostname="LAPTOP-3I5RTLPO" failures="0" tests="1" name="testScript.HomeTest" time="4.679" errors="0" timestamp="2025-03-04T15:57:33 IST" skipped="0">
  <testcase classname="testScript.HomeTest" name="verifySuccessfullUserLogoutFromHomePageAfterLogin" time="4.679"/>
</testsuite> <!-- testScript.HomeTest -->
