<?xml version="1.0" encoding="UTF-8"?>
<!-- Generated by org.testng.reporters.JUnitReportReporter -->
<testsuite hostname="LAPTOP-3I5RTLPO" failures="0" tests="3" name="testScript.ManageNewsTest" time="10.598" errors="0" timestamp="2025-03-20T13:24:12 IST" skipped="0">
  <testcase classname="testScript.ManageNewsTest" name="verifyWhetherUserIsAbleToRefreshNewsPageUsingTheResetButton" time="3.422"/>
  <testcase classname="testScript.ManageNewsTest" name="verifyWhetherUserIsAbleTosearchNewsInManageNews" time="3.302"/>
  <testcase classname="testScript.ManageNewsTest" name="verifyWhetherUserIsAbleToAddNewNewsInManageNews" time="3.874"/>
</testsuite> <!-- testScript.ManageNewsTest -->
