<?xml version="1.0" encoding="UTF-8"?>
<!-- Generated by org.testng.reporters.JUnitReportReporter -->
<testsuite hostname="LAPTOP-3I5RTLPO" failures="0" tests="2" name="testScript.HomeTest" time="10.491" errors="0" timestamp="2025-03-20T13:18:04 IST" skipped="1">
  <testcase classname="testScript.HomeTest" name="verifySuccessfullUserLogoutFromHomePageAfterLogin" time="3.868"/>
  <testcase classname="testScript.HomeTest" name="verifySuccessfullUserLogoutFromHomePageAfterLogin" time="6.623">
    <skipped/>
  </testcase> <!-- verifySuccessfullUserLogoutFromHomePageAfterLogin -->
</testsuite> <!-- testScript.HomeTest -->
