<?xml version="1.0" encoding="UTF-8"?>
<!-- Generated by org.testng.reporters.JUnitReportReporter -->
<testsuite hostname="LAPTOP-3I5RTLPO" failures="0" tests="1" name="testScript.SubCategoryTest" time="5.834" errors="0" timestamp="2025-03-04T16:17:42 IST" skipped="0">
  <testcase classname="testScript.SubCategoryTest" name="verifyWhetherUserIsAbleToaddNewItemToSubCategoryList" time="5.834"/>
</testsuite> <!-- testScript.SubCategoryTest -->
